-------------------------------------------------------------------------------
Test set: com.docencia.logica.ejercicio5.Ejercicio5Test
-------------------------------------------------------------------------------
Tests run: 10, Failures: 1, Errors: 0, Skipped: 0, Time elapsed: 0.013 s <<< FAILURE! -- in com.docencia.logica.ejercicio5.Ejercicio5Test
com.docencia.logica.ejercicio5.Ejercicio5Test.sumar_viernes_mas2_llegaAMartes -- Time elapsed: 0.001 s <<< FAILURE!
org.opentest4j.AssertionFailedError: expected: <2026-02-17> but was: <2026-02-16>
	at org.junit.jupiter.api.AssertionFailureBuilder.build(AssertionFailureBuilder.java:151)
	at org.junit.jupiter.api.AssertionFailureBuilder.buildAndThrow(AssertionFailureBuilder.java:132)
	at org.junit.jupiter.api.AssertEquals.failNotEqual(AssertEquals.java:197)
	at org.junit.jupiter.api.AssertEquals.assertEquals(AssertEquals.java:182)
	at org.junit.jupiter.api.AssertEquals.assertEquals(AssertEquals.java:177)
	at org.junit.jupiter.api.Assertions.assertEquals(Assertions.java:1145)
	at com.docencia.logica.ejercicio5.Ejercicio5Test.sumar_viernes_mas2_llegaAMartes(Ejercicio5Test.java:30)
	at java.base/java.lang.reflect.Method.invoke(Method.java:569)
	at java.base/java.util.ArrayList.forEach(ArrayList.java:1511)
	at java.base/java.util.ArrayList.forEach(ArrayList.java:1511)

