<?xml version="1.0" encoding="UTF-8"?>
<testsuite xmlns:xsi="http://www.w3.org/2001/XMLSchema-instance" xsi:noNamespaceSchemaLocation="https://maven.apache.org/surefire/maven-surefire-plugin/xsd/surefire-test-report-3.0.xsd" version="3.0" name="com.docencia.logica.ejercicio5.Ejercicio5Test" time="0.013" tests="10" errors="0" skipped="0" failures="1">
  <properties>
[...]
</properties>
  <testcase name="sumar_fechaInvalida_lanzaExcepcion" classname="com.docencia.logica.ejercicio5.Ejercicio5Test" time="0.006"/>
  <testcase name="sumar_domingo_mas1_llegaALunes" classname="com.docencia.logica.ejercicio5.Ejercicio5Test" time="0.001"/>
  <testcase name="sumar_nNegativo_lanzaExcepcion" classname="com.docencia.logica.ejercicio5.Ejercicio5Test" time="0.001"/>
  <testcase name="sumar_viernes_mas2_llegaAMartes" classname="com.docencia.logica.ejercicio5.Ejercicio5Test" time="0.001">
    <failure message="expected: &lt;2026-02-17&gt; but was: &lt;2026-02-16&gt;" type="org.opentest4j.AssertionFailedError"><![CDATA[org.opentest4j.AssertionFailedError: expected: <2026-02-17> but was: <2026-02-16>
	at org.junit.jupiter.api.AssertionFailureBuilder.build(AssertionFailureBuilder.java:151)
	at org.junit.jupiter.api.AssertionFailureBuilder.buildAndThrow(AssertionFailureBuilder.java:132)
	at org.junit.jupiter.api.AssertEquals.failNotEqual(AssertEquals.java:197)
	at org.junit.jupiter.api.AssertEquals.assertEquals(AssertEquals.java:182)
	at org.junit.jupiter.api.AssertEquals.assertEquals(AssertEquals.java:177)
	at org.junit.jupiter.api.Assertions.assertEquals(Assertions.java:1145)
	at com.docencia.logica.ejercicio5.Ejercicio5Test.sumar_viernes_mas2_llegaAMartes(Ejercicio5Test.java:30)
	at java.base/java.lang.reflect.Method.invoke(Method.java:569)
	at java.base/java.util.ArrayList.forEach(ArrayList.java:1511)
	at java.base/java.util.ArrayList.forEach(ArrayList.java:1511)
]]></failure>
  </testcase>
  <testcase name="sumar_n0_devuelveMismaFechaAunqueSeaFinde" classname="com.docencia.logica.ejercicio5.Ejercicio5Test" time="0.0"/>
  <testcase name="sumar_lunes_mas5_llegaALunesSiguiente" classname="com.docencia.logica.ejercicio5.Ejercicio5Test" time="0.0"/>
  <testcase name="sumar_cruzaUnFinde_llegaCorrecto" classname="com.docencia.logica.ejercicio5.Ejercicio5Test" time="0.0"/>
  <testcase name="sumar_viernes_mas1_llegaALunes" classname="com.docencia.logica.ejercicio5.Ejercicio5Test" time="0.0"/>
  <testcase name="sumar_sabado_mas1_llegaALunes" classname="com.docencia.logica.ejercicio5.Ejercicio5Test" time="0.0"/>
  <testcase name="sumar_fechaNull_lanzaExcepcion" classname="com.docencia.logica.ejercicio5.Ejercicio5Test" time="0.001"/>
</testsuite>